The target system is: Android - 23 - armv7-a
The host system is: Linux - 3.13.0-45-generic - x86_64
Determining if the C compiler works passed with the following output:
Change Dir: /home/rohit/Rohit/Android_Projects/OglDevAndroid/app/.externalNativeBuild/cmake/debug/armeabi-v7a/CMakeFiles/CMakeTmp

Run Build Command:"/home/rohit/Rohit/Android_Studio/android-sdk-linux/cmake/3.6.3155560/bin/ninja" "cmTC_6d0eb"
[1/2] Building C object CMakeFiles/cmTC_6d0eb.dir/testCCompiler.c.o
[2/2] Linking C executable cmTC_6d0eb


Detecting C compiler ABI info compiled with the following output:
Change Dir: /home/rohit/Rohit/Android_Projects/OglDevAndroid/app/.externalNativeBuild/cmake/debug/armeabi-v7a/CMakeFiles/CMakeTmp

Run Build Command:"/home/rohit/Rohit/Android_Studio/android-sdk-linux/cmake/3.6.3155560/bin/ninja" "cmTC_fb7a6"
[1/2] Building C object CMakeFiles/cmTC_fb7a6.dir/CMakeCCompilerABI.c.o
[2/2] Linking C executable cmTC_fb7a6
Android clang version 3.8.256229  (based on LLVM 3.8.256229)
Target: armv7-none-linux-android
Thread model: posix
InstalledDir: /home/rohit/Rohit/Android_NDK/android-ndk-r13b/toolchains/llvm/prebuilt/linux-x86_64/bin
Found candidate GCC installation: /home/rohit/Rohit/Android_NDK/android-ndk-r13b/toolchains/arm-linux-androideabi-4.9/prebuilt/linux-x86_64/lib/gcc/arm-linux-androideabi/4.9.x
Selected GCC installation: /home/rohit/Rohit/Android_NDK/android-ndk-r13b/toolchains/arm-linux-androideabi-4.9/prebuilt/linux-x86_64/lib/gcc/arm-linux-androideabi/4.9.x
Candidate multilib: .;@m32
Selected multilib: .;@m32
 "/home/rohit/Rohit/Android_NDK/android-ndk-r13b/toolchains/arm-linux-androideabi-4.9/prebuilt/linux-x86_64/lib/gcc/arm-linux-androideabi/4.9.x/../../../../arm-linux-androideabi/bin/ld" --sysroot=/home/rohit/Rohit/Android_NDK/android-ndk-r13b/platforms/android-23/arch-arm -pie -z relro -X --build-id --eh-frame-hdr -m armelf_linux_eabi -dynamic-linker /system/bin/linker -o cmTC_fb7a6 /home/rohit/Rohit/Android_NDK/android-ndk-r13b/platforms/android-23/arch-arm/usr/lib/../lib/crtbegin_dynamic.o -L/home/rohit/Rohit/Android_NDK/android-ndk-r13b/toolchains/arm-linux-androideabi-4.9/prebuilt/linux-x86_64/lib/gcc/arm-linux-androideabi/4.9.x -L/home/rohit/Rohit/Android_NDK/android-ndk-r13b/toolchains/arm-linux-androideabi-4.9/prebuilt/linux-x86_64/lib/gcc/arm-linux-androideabi/4.9.x/../../../../arm-linux-androideabi/lib/../lib -L/home/rohit/Rohit/Android_NDK/android-ndk-r13b/platforms/android-23/arch-arm/usr/lib/../lib -L/home/rohit/Rohit/Android_NDK/android-ndk-r13b/toolchains/arm-linux-androideabi-4.9/prebuilt/linux-x86_64/lib/gcc/arm-linux-androideabi/4.9.x/../../../../arm-linux-androideabi/lib -L/home/rohit/Rohit/Android_NDK/android-ndk-r13b/platforms/android-23/arch-arm/usr/lib --build-id --warn-shared-textrel --fatal-warnings --fix-cortex-a8 --no-undefined -z noexecstack -z relro -z now --gc-sections -z nocopyreloc --build-id --warn-shared-textrel --fatal-warnings --fix-cortex-a8 --no-undefined -z noexecstack -z relro -z now --gc-sections -z nocopyreloc CMakeFiles/cmTC_fb7a6.dir/CMakeCCompilerABI.c.o -lgcc -ldl -lc -lgcc -ldl /home/rohit/Rohit/Android_NDK/android-ndk-r13b/platforms/android-23/arch-arm/usr/lib/../lib/crtend_android.o


Parsed C implicit link information from above output:
  link line regex: [^( *|.*[/\])(arm-linux-androideabi-ld|([^/\]+-)?ld|collect2)[^/\]*( |$)]
  ignore line: [Change Dir: /home/rohit/Rohit/Android_Projects/OglDevAndroid/app/.externalNativeBuild/cmake/debug/armeabi-v7a/CMakeFiles/CMakeTmp]
  ignore line: []
  ignore line: [Run Build Command:"/home/rohit/Rohit/Android_Studio/android-sdk-linux/cmake/3.6.3155560/bin/ninja" "cmTC_fb7a6"]
  ignore line: [[1/2] Building C object CMakeFiles/cmTC_fb7a6.dir/CMakeCCompilerABI.c.o]
  ignore line: [[2/2] Linking C executable cmTC_fb7a6]
  ignore line: [Android clang version 3.8.256229  (based on LLVM 3.8.256229)]
  ignore line: [Target: armv7-none-linux-android]
  ignore line: [Thread model: posix]
  ignore line: [InstalledDir: /home/rohit/Rohit/Android_NDK/android-ndk-r13b/toolchains/llvm/prebuilt/linux-x86_64/bin]
  ignore line: [Found candidate GCC installation: /home/rohit/Rohit/Android_NDK/android-ndk-r13b/toolchains/arm-linux-androideabi-4.9/prebuilt/linux-x86_64/lib/gcc/arm-linux-androideabi/4.9.x]
  ignore line: [Selected GCC installation: /home/rohit/Rohit/Android_NDK/android-ndk-r13b/toolchains/arm-linux-androideabi-4.9/prebuilt/linux-x86_64/lib/gcc/arm-linux-androideabi/4.9.x]
  ignore line: [Candidate multilib: .]
  ignore line: [@m32]
  ignore line: [Selected multilib: .]
  ignore line: [@m32]
  link line: [ "/home/rohit/Rohit/Android_NDK/android-ndk-r13b/toolchains/arm-linux-androideabi-4.9/prebuilt/linux-x86_64/lib/gcc/arm-linux-androideabi/4.9.x/../../../../arm-linux-androideabi/bin/ld" --sysroot=/home/rohit/Rohit/Android_NDK/android-ndk-r13b/platforms/android-23/arch-arm -pie -z relro -X --build-id --eh-frame-hdr -m armelf_linux_eabi -dynamic-linker /system/bin/linker -o cmTC_fb7a6 /home/rohit/Rohit/Android_NDK/android-ndk-r13b/platforms/android-23/arch-arm/usr/lib/../lib/crtbegin_dynamic.o -L/home/rohit/Rohit/Android_NDK/android-ndk-r13b/toolchains/arm-linux-androideabi-4.9/prebuilt/linux-x86_64/lib/gcc/arm-linux-androideabi/4.9.x -L/home/rohit/Rohit/Android_NDK/android-ndk-r13b/toolchains/arm-linux-androideabi-4.9/prebuilt/linux-x86_64/lib/gcc/arm-linux-androideabi/4.9.x/../../../../arm-linux-androideabi/lib/../lib -L/home/rohit/Rohit/Android_NDK/android-ndk-r13b/platforms/android-23/arch-arm/usr/lib/../lib -L/home/rohit/Rohit/Android_NDK/android-ndk-r13b/toolchains/arm-linux-androideabi-4.9/prebuilt/linux-x86_64/lib/gcc/arm-linux-androideabi/4.9.x/../../../../arm-linux-androideabi/lib -L/home/rohit/Rohit/Android_NDK/android-ndk-r13b/platforms/android-23/arch-arm/usr/lib --build-id --warn-shared-textrel --fatal-warnings --fix-cortex-a8 --no-undefined -z noexecstack -z relro -z now --gc-sections -z nocopyreloc --build-id --warn-shared-textrel --fatal-warnings --fix-cortex-a8 --no-undefined -z noexecstack -z relro -z now --gc-sections -z nocopyreloc CMakeFiles/cmTC_fb7a6.dir/CMakeCCompilerABI.c.o -lgcc -ldl -lc -lgcc -ldl /home/rohit/Rohit/Android_NDK/android-ndk-r13b/platforms/android-23/arch-arm/usr/lib/../lib/crtend_android.o]
    arg [/home/rohit/Rohit/Android_NDK/android-ndk-r13b/toolchains/arm-linux-androideabi-4.9/prebuilt/linux-x86_64/lib/gcc/arm-linux-androideabi/4.9.x/../../../../arm-linux-androideabi/bin/ld] ==> ignore
    arg [--sysroot=/home/rohit/Rohit/Android_NDK/android-ndk-r13b/platforms/android-23/arch-arm] ==> ignore
    arg [-pie] ==> ignore
    arg [-zrelro] ==> ignore
    arg [-X] ==> ignore
    arg [--build-id] ==> ignore
    arg [--eh-frame-hdr] ==> ignore
    arg [-m] ==> ignore
    arg [armelf_linux_eabi] ==> ignore
    arg [-dynamic-linker] ==> ignore
    arg [/system/bin/linker] ==> ignore
    arg [-o] ==> ignore
    arg [cmTC_fb7a6] ==> ignore
    arg [/home/rohit/Rohit/Android_NDK/android-ndk-r13b/platforms/android-23/arch-arm/usr/lib/../lib/crtbegin_dynamic.o] ==> ignore
    arg [-L/home/rohit/Rohit/Android_NDK/android-ndk-r13b/toolchains/arm-linux-androideabi-4.9/prebuilt/linux-x86_64/lib/gcc/arm-linux-androideabi/4.9.x] ==> dir [/home/rohit/Rohit/Android_NDK/android-ndk-r13b/toolchains/arm-linux-androideabi-4.9/prebuilt/linux-x86_64/lib/gcc/arm-linux-androideabi/4.9.x]
    arg [-L/home/rohit/Rohit/Android_NDK/android-ndk-r13b/toolchains/arm-linux-androideabi-4.9/prebuilt/linux-x86_64/lib/gcc/arm-linux-androideabi/4.9.x/../../../../arm-linux-androideabi/lib/../lib] ==> dir [/home/rohit/Rohit/Android_NDK/android-ndk-r13b/toolchains/arm-linux-androideabi-4.9/prebuilt/linux-x86_64/lib/gcc/arm-linux-androideabi/4.9.x/../../../../arm-linux-androideabi/lib/../lib]
    arg [-L/home/rohit/Rohit/Android_NDK/android-ndk-r13b/platforms/android-23/arch-arm/usr/lib/../lib] ==> dir [/home/rohit/Rohit/Android_NDK/android-ndk-r13b/platforms/android-23/arch-arm/usr/lib/../lib]
    arg [-L/home/rohit/Rohit/Android_NDK/android-ndk-r13b/toolchains/arm-linux-androideabi-4.9/prebuilt/linux-x86_64/lib/gcc/arm-linux-androideabi/4.9.x/../../../../arm-linux-androideabi/lib] ==> dir [/home/rohit/Rohit/Android_NDK/android-ndk-r13b/toolchains/arm-linux-androideabi-4.9/prebuilt/linux-x86_64/lib/gcc/arm-linux-androideabi/4.9.x/../../../../arm-linux-androideabi/lib]
    arg [-L/home/rohit/Rohit/Android_NDK/android-ndk-r13b/platforms/android-23/arch-arm/usr/lib] ==> dir [/home/rohit/Rohit/Android_NDK/android-ndk-r13b/platforms/android-23/arch-arm/usr/lib]
    arg [--build-id] ==> ignore
    arg [--warn-shared-textrel] ==> ignore
    arg [--fatal-warnings] ==> ignore
    arg [--fix-cortex-a8] ==> ignore
    arg [--no-undefined] ==> ignore
    arg [-znoexecstack] ==> ignore
    arg [-zrelro] ==> ignore
    arg [-znow] ==> ignore
    arg [--gc-sections] ==> ignore
    arg [-znocopyreloc] ==> ignore
    arg [--build-id] ==> ignore
    arg [--warn-shared-textrel] ==> ignore
    arg [--fatal-warnings] ==> ignore
    arg [--fix-cortex-a8] ==> ignore
    arg [--no-undefined] ==> ignore
    arg [-znoexecstack] ==> ignore
    arg [-zrelro] ==> ignore
    arg [-znow] ==> ignore
    arg [--gc-sections] ==> ignore
    arg [-znocopyreloc] ==> ignore
    arg [CMakeFiles/cmTC_fb7a6.dir/CMakeCCompilerABI.c.o] ==> ignore
    arg [-lgcc] ==> lib [gcc]
    arg [-ldl] ==> lib [dl]
    arg [-lc] ==> lib [c]
    arg [-lgcc] ==> lib [gcc]
    arg [-ldl] ==> lib [dl]
    arg [/home/rohit/Rohit/Android_NDK/android-ndk-r13b/platforms/android-23/arch-arm/usr/lib/../lib/crtend_android.o] ==> ignore
  remove lib [gcc]
  remove lib [gcc]
  collapse library dir [/home/rohit/Rohit/Android_NDK/android-ndk-r13b/toolchains/arm-linux-androideabi-4.9/prebuilt/linux-x86_64/lib/gcc/arm-linux-androideabi/4.9.x] ==> [/home/rohit/Rohit/Android_NDK/android-ndk-r13b/toolchains/arm-linux-androideabi-4.9/prebuilt/linux-x86_64/lib/gcc/arm-linux-androideabi/4.9.x]
  collapse library dir [/home/rohit/Rohit/Android_NDK/android-ndk-r13b/toolchains/arm-linux-androideabi-4.9/prebuilt/linux-x86_64/lib/gcc/arm-linux-androideabi/4.9.x/../../../../arm-linux-androideabi/lib/../lib] ==> [/home/rohit/Rohit/Android_NDK/android-ndk-r13b/toolchains/arm-linux-androideabi-4.9/prebuilt/linux-x86_64/arm-linux-androideabi/lib]
  collapse library dir [/home/rohit/Rohit/Android_NDK/android-ndk-r13b/platforms/android-23/arch-arm/usr/lib/../lib] ==> [/home/rohit/Rohit/Android_NDK/android-ndk-r13b/platforms/android-23/arch-arm/usr/lib]
  collapse library dir [/home/rohit/Rohit/Android_NDK/android-ndk-r13b/toolchains/arm-linux-androideabi-4.9/prebuilt/linux-x86_64/lib/gcc/arm-linux-androideabi/4.9.x/../../../../arm-linux-androideabi/lib] ==> [/home/rohit/Rohit/Android_NDK/android-ndk-r13b/toolchains/arm-linux-androideabi-4.9/prebuilt/linux-x86_64/arm-linux-androideabi/lib]
  collapse library dir [/home/rohit/Rohit/Android_NDK/android-ndk-r13b/platforms/android-23/arch-arm/usr/lib] ==> [/home/rohit/Rohit/Android_NDK/android-ndk-r13b/platforms/android-23/arch-arm/usr/lib]
  implicit libs: [dl;c;dl]
  implicit dirs: [/home/rohit/Rohit/Android_NDK/android-ndk-r13b/toolchains/arm-linux-androideabi-4.9/prebuilt/linux-x86_64/lib/gcc/arm-linux-androideabi/4.9.x;/home/rohit/Rohit/Android_NDK/android-ndk-r13b/toolchains/arm-linux-androideabi-4.9/prebuilt/linux-x86_64/arm-linux-androideabi/lib;/home/rohit/Rohit/Android_NDK/android-ndk-r13b/platforms/android-23/arch-arm/usr/lib]
  implicit fwks: []


Determining if the CXX compiler works passed with the following output:
Change Dir: /home/rohit/Rohit/Android_Projects/OglDevAndroid/app/.externalNativeBuild/cmake/debug/armeabi-v7a/CMakeFiles/CMakeTmp

Run Build Command:"/home/rohit/Rohit/Android_Studio/android-sdk-linux/cmake/3.6.3155560/bin/ninja" "cmTC_58586"
[1/2] Building CXX object CMakeFiles/cmTC_58586.dir/testCXXCompiler.cxx.o
[2/2] Linking CXX executable cmTC_58586


Detecting CXX compiler ABI info compiled with the following output:
Change Dir: /home/rohit/Rohit/Android_Projects/OglDevAndroid/app/.externalNativeBuild/cmake/debug/armeabi-v7a/CMakeFiles/CMakeTmp

Run Build Command:"/home/rohit/Rohit/Android_Studio/android-sdk-linux/cmake/3.6.3155560/bin/ninja" "cmTC_171ae"
[1/2] Building CXX object CMakeFiles/cmTC_171ae.dir/CMakeCXXCompilerABI.cpp.o
[2/2] Linking CXX executable cmTC_171ae
Android clang version 3.8.256229  (based on LLVM 3.8.256229)
Target: armv7-none-linux-android
Thread model: posix
InstalledDir: /home/rohit/Rohit/Android_NDK/android-ndk-r13b/toolchains/llvm/prebuilt/linux-x86_64/bin
Found candidate GCC installation: /home/rohit/Rohit/Android_NDK/android-ndk-r13b/toolchains/arm-linux-androideabi-4.9/prebuilt/linux-x86_64/lib/gcc/arm-linux-androideabi/4.9.x
Selected GCC installation: /home/rohit/Rohit/Android_NDK/android-ndk-r13b/toolchains/arm-linux-androideabi-4.9/prebuilt/linux-x86_64/lib/gcc/arm-linux-androideabi/4.9.x
Candidate multilib: .;@m32
Selected multilib: .;@m32
 "/home/rohit/Rohit/Android_NDK/android-ndk-r13b/toolchains/arm-linux-androideabi-4.9/prebuilt/linux-x86_64/lib/gcc/arm-linux-androideabi/4.9.x/../../../../arm-linux-androideabi/bin/ld" --sysroot=/home/rohit/Rohit/Android_NDK/android-ndk-r13b/platforms/android-23/arch-arm -pie -z relro -X --build-id --eh-frame-hdr -m armelf_linux_eabi -dynamic-linker /system/bin/linker -o cmTC_171ae /home/rohit/Rohit/Android_NDK/android-ndk-r13b/platforms/android-23/arch-arm/usr/lib/../lib/crtbegin_dynamic.o -L/home/rohit/Rohit/Android_NDK/android-ndk-r13b/toolchains/arm-linux-androideabi-4.9/prebuilt/linux-x86_64/lib/gcc/arm-linux-androideabi/4.9.x -L/home/rohit/Rohit/Android_NDK/android-ndk-r13b/toolchains/arm-linux-androideabi-4.9/prebuilt/linux-x86_64/lib/gcc/arm-linux-androideabi/4.9.x/../../../../arm-linux-androideabi/lib/../lib -L/home/rohit/Rohit/Android_NDK/android-ndk-r13b/platforms/android-23/arch-arm/usr/lib/../lib -L/home/rohit/Rohit/Android_NDK/android-ndk-r13b/toolchains/arm-linux-androideabi-4.9/prebuilt/linux-x86_64/lib/gcc/arm-linux-androideabi/4.9.x/../../../../arm-linux-androideabi/lib -L/home/rohit/Rohit/Android_NDK/android-ndk-r13b/platforms/android-23/arch-arm/usr/lib --build-id --warn-shared-textrel --fatal-warnings --fix-cortex-a8 --no-undefined -z noexecstack -z relro -z now --gc-sections -z nocopyreloc --build-id --warn-shared-textrel --fatal-warnings --fix-cortex-a8 --no-undefined -z noexecstack -z relro -z now --gc-sections -z nocopyreloc CMakeFiles/cmTC_171ae.dir/CMakeCXXCompilerABI.cpp.o -lstdc++ -lm -lgcc -lgcc -ldl -lc -lgcc -lgcc -ldl /home/rohit/Rohit/Android_NDK/android-ndk-r13b/platforms/android-23/arch-arm/usr/lib/../lib/crtend_android.o


Parsed CXX implicit link information from above output:
  link line regex: [^( *|.*[/\])(arm-linux-androideabi-ld|([^/\]+-)?ld|collect2)[^/\]*( |$)]
  ignore line: [Change Dir: /home/rohit/Rohit/Android_Projects/OglDevAndroid/app/.externalNativeBuild/cmake/debug/armeabi-v7a/CMakeFiles/CMakeTmp]
  ignore line: []
  ignore line: [Run Build Command:"/home/rohit/Rohit/Android_Studio/android-sdk-linux/cmake/3.6.3155560/bin/ninja" "cmTC_171ae"]
  ignore line: [[1/2] Building CXX object CMakeFiles/cmTC_171ae.dir/CMakeCXXCompilerABI.cpp.o]
  ignore line: [[2/2] Linking CXX executable cmTC_171ae]
  ignore line: [Android clang version 3.8.256229  (based on LLVM 3.8.256229)]
  ignore line: [Target: armv7-none-linux-android]
  ignore line: [Thread model: posix]
  ignore line: [InstalledDir: /home/rohit/Rohit/Android_NDK/android-ndk-r13b/toolchains/llvm/prebuilt/linux-x86_64/bin]
  ignore line: [Found candidate GCC installation: /home/rohit/Rohit/Android_NDK/android-ndk-r13b/toolchains/arm-linux-androideabi-4.9/prebuilt/linux-x86_64/lib/gcc/arm-linux-androideabi/4.9.x]
  ignore line: [Selected GCC installation: /home/rohit/Rohit/Android_NDK/android-ndk-r13b/toolchains/arm-linux-androideabi-4.9/prebuilt/linux-x86_64/lib/gcc/arm-linux-androideabi/4.9.x]
  ignore line: [Candidate multilib: .]
  ignore line: [@m32]
  ignore line: [Selected multilib: .]
  ignore line: [@m32]
  link line: [ "/home/rohit/Rohit/Android_NDK/android-ndk-r13b/toolchains/arm-linux-androideabi-4.9/prebuilt/linux-x86_64/lib/gcc/arm-linux-androideabi/4.9.x/../../../../arm-linux-androideabi/bin/ld" --sysroot=/home/rohit/Rohit/Android_NDK/android-ndk-r13b/platforms/android-23/arch-arm -pie -z relro -X --build-id --eh-frame-hdr -m armelf_linux_eabi -dynamic-linker /system/bin/linker -o cmTC_171ae /home/rohit/Rohit/Android_NDK/android-ndk-r13b/platforms/android-23/arch-arm/usr/lib/../lib/crtbegin_dynamic.o -L/home/rohit/Rohit/Android_NDK/android-ndk-r13b/toolchains/arm-linux-androideabi-4.9/prebuilt/linux-x86_64/lib/gcc/arm-linux-androideabi/4.9.x -L/home/rohit/Rohit/Android_NDK/android-ndk-r13b/toolchains/arm-linux-androideabi-4.9/prebuilt/linux-x86_64/lib/gcc/arm-linux-androideabi/4.9.x/../../../../arm-linux-androideabi/lib/../lib -L/home/rohit/Rohit/Android_NDK/android-ndk-r13b/platforms/android-23/arch-arm/usr/lib/../lib -L/home/rohit/Rohit/Android_NDK/android-ndk-r13b/toolchains/arm-linux-androideabi-4.9/prebuilt/linux-x86_64/lib/gcc/arm-linux-androideabi/4.9.x/../../../../arm-linux-androideabi/lib -L/home/rohit/Rohit/Android_NDK/android-ndk-r13b/platforms/android-23/arch-arm/usr/lib --build-id --warn-shared-textrel --fatal-warnings --fix-cortex-a8 --no-undefined -z noexecstack -z relro -z now --gc-sections -z nocopyreloc --build-id --warn-shared-textrel --fatal-warnings --fix-cortex-a8 --no-undefined -z noexecstack -z relro -z now --gc-sections -z nocopyreloc CMakeFiles/cmTC_171ae.dir/CMakeCXXCompilerABI.cpp.o -lstdc++ -lm -lgcc -lgcc -ldl -lc -lgcc -lgcc -ldl /home/rohit/Rohit/Android_NDK/android-ndk-r13b/platforms/android-23/arch-arm/usr/lib/../lib/crtend_android.o]
    arg [/home/rohit/Rohit/Android_NDK/android-ndk-r13b/toolchains/arm-linux-androideabi-4.9/prebuilt/linux-x86_64/lib/gcc/arm-linux-androideabi/4.9.x/../../../../arm-linux-androideabi/bin/ld] ==> ignore
    arg [--sysroot=/home/rohit/Rohit/Android_NDK/android-ndk-r13b/platforms/android-23/arch-arm] ==> ignore
    arg [-pie] ==> ignore
    arg [-zrelro] ==> ignore
    arg [-X] ==> ignore
    arg [--build-id] ==> ignore
    arg [--eh-frame-hdr] ==> ignore
    arg [-m] ==> ignore
    arg [armelf_linux_eabi] ==> ignore
    arg [-dynamic-linker] ==> ignore
    arg [/system/bin/linker] ==> ignore
    arg [-o] ==> ignore
    arg [cmTC_171ae] ==> ignore
    arg [/home/rohit/Rohit/Android_NDK/android-ndk-r13b/platforms/android-23/arch-arm/usr/lib/../lib/crtbegin_dynamic.o] ==> ignore
    arg [-L/home/rohit/Rohit/Android_NDK/android-ndk-r13b/toolchains/arm-linux-androideabi-4.9/prebuilt/linux-x86_64/lib/gcc/arm-linux-androideabi/4.9.x] ==> dir [/home/rohit/Rohit/Android_NDK/android-ndk-r13b/toolchains/arm-linux-androideabi-4.9/prebuilt/linux-x86_64/lib/gcc/arm-linux-androideabi/4.9.x]
    arg [-L/home/rohit/Rohit/Android_NDK/android-ndk-r13b/toolchains/arm-linux-androideabi-4.9/prebuilt/linux-x86_64/lib/gcc/arm-linux-androideabi/4.9.x/../../../../arm-linux-androideabi/lib/../lib] ==> dir [/home/rohit/Rohit/Android_NDK/android-ndk-r13b/toolchains/arm-linux-androideabi-4.9/prebuilt/linux-x86_64/lib/gcc/arm-linux-androideabi/4.9.x/../../../../arm-linux-androideabi/lib/../lib]
    arg [-L/home/rohit/Rohit/Android_NDK/android-ndk-r13b/platforms/android-23/arch-arm/usr/lib/../lib] ==> dir [/home/rohit/Rohit/Android_NDK/android-ndk-r13b/platforms/android-23/arch-arm/usr/lib/../lib]
    arg [-L/home/rohit/Rohit/Android_NDK/android-ndk-r13b/toolchains/arm-linux-androideabi-4.9/prebuilt/linux-x86_64/lib/gcc/arm-linux-androideabi/4.9.x/../../../../arm-linux-androideabi/lib] ==> dir [/home/rohit/Rohit/Android_NDK/android-ndk-r13b/toolchains/arm-linux-androideabi-4.9/prebuilt/linux-x86_64/lib/gcc/arm-linux-androideabi/4.9.x/../../../../arm-linux-androideabi/lib]
    arg [-L/home/rohit/Rohit/Android_NDK/android-ndk-r13b/platforms/android-23/arch-arm/usr/lib] ==> dir [/home/rohit/Rohit/Android_NDK/android-ndk-r13b/platforms/android-23/arch-arm/usr/lib]
    arg [--build-id] ==> ignore
    arg [--warn-shared-textrel] ==> ignore
    arg [--fatal-warnings] ==> ignore
    arg [--fix-cortex-a8] ==> ignore
    arg [--no-undefined] ==> ignore
    arg [-znoexecstack] ==> ignore
    arg [-zrelro] ==> ignore
    arg [-znow] ==> ignore
    arg [--gc-sections] ==> ignore
    arg [-znocopyreloc] ==> ignore
    arg [--build-id] ==> ignore
    arg [--warn-shared-textrel] ==> ignore
    arg [--fatal-warnings] ==> ignore
    arg [--fix-cortex-a8] ==> ignore
    arg [--no-undefined] ==> ignore
    arg [-znoexecstack] ==> ignore
    arg [-zrelro] ==> ignore
    arg [-znow] ==> ignore
    arg [--gc-sections] ==> ignore
    arg [-znocopyreloc] ==> ignore
    arg [CMakeFiles/cmTC_171ae.dir/CMakeCXXCompilerABI.cpp.o] ==> ignore
    arg [-lstdc++] ==> lib [stdc++]
    arg [-lm] ==> lib [m]
    arg [-lgcc] ==> lib [gcc]
    arg [-lgcc] ==> lib [gcc]
    arg [-ldl] ==> lib [dl]
    arg [-lc] ==> lib [c]
    arg [-lgcc] ==> lib [gcc]
    arg [-lgcc] ==> lib [gcc]
    arg [-ldl] ==> lib [dl]
    arg [/home/rohit/Rohit/Android_NDK/android-ndk-r13b/platforms/android-23/arch-arm/usr/lib/../lib/crtend_android.o] ==> ignore
  remove lib [gcc]
  remove lib [gcc]
  remove lib [gcc]
  remove lib [gcc]
  collapse library dir [/home/rohit/Rohit/Android_NDK/android-ndk-r13b/toolchains/arm-linux-androideabi-4.9/prebuilt/linux-x86_64/lib/gcc/arm-linux-androideabi/4.9.x] ==> [/home/rohit/Rohit/Android_NDK/android-ndk-r13b/toolchains/arm-linux-androideabi-4.9/prebuilt/linux-x86_64/lib/gcc/arm-linux-androideabi/4.9.x]
  collapse library dir [/home/rohit/Rohit/Android_NDK/android-ndk-r13b/toolchains/arm-linux-androideabi-4.9/prebuilt/linux-x86_64/lib/gcc/arm-linux-androideabi/4.9.x/../../../../arm-linux-androideabi/lib/../lib] ==> [/home/rohit/Rohit/Android_NDK/android-ndk-r13b/toolchains/arm-linux-androideabi-4.9/prebuilt/linux-x86_64/arm-linux-androideabi/lib]
  collapse library dir [/home/rohit/Rohit/Android_NDK/android-ndk-r13b/platforms/android-23/arch-arm/usr/lib/../lib] ==> [/home/rohit/Rohit/Android_NDK/android-ndk-r13b/platforms/android-23/arch-arm/usr/lib]
  collapse library dir [/home/rohit/Rohit/Android_NDK/android-ndk-r13b/toolchains/arm-linux-androideabi-4.9/prebuilt/linux-x86_64/lib/gcc/arm-linux-androideabi/4.9.x/../../../../arm-linux-androideabi/lib] ==> [/home/rohit/Rohit/Android_NDK/android-ndk-r13b/toolchains/arm-linux-androideabi-4.9/prebuilt/linux-x86_64/arm-linux-androideabi/lib]
  collapse library dir [/home/rohit/Rohit/Android_NDK/android-ndk-r13b/platforms/android-23/arch-arm/usr/lib] ==> [/home/rohit/Rohit/Android_NDK/android-ndk-r13b/platforms/android-23/arch-arm/usr/lib]
  implicit libs: [stdc++;m;dl;c;dl]
  implicit dirs: [/home/rohit/Rohit/Android_NDK/android-ndk-r13b/toolchains/arm-linux-androideabi-4.9/prebuilt/linux-x86_64/lib/gcc/arm-linux-androideabi/4.9.x;/home/rohit/Rohit/Android_NDK/android-ndk-r13b/toolchains/arm-linux-androideabi-4.9/prebuilt/linux-x86_64/arm-linux-androideabi/lib;/home/rohit/Rohit/Android_NDK/android-ndk-r13b/platforms/android-23/arch-arm/usr/lib]
  implicit fwks: []


